<?xml version="1.0" encoding="UTF-8"?>
<testng-results skipped="0" failed="2" total="12" passed="10">
  <reporter-output>
  </reporter-output>
  <suite name="Default suite" duration-ms="328562" started-at="2014-12-01T09:17:59Z" finished-at="2014-12-01T09:23:27Z">
    <groups>
    </groups>
    <test name="Default test" duration-ms="328562" started-at="2014-12-01T09:17:59Z" finished-at="2014-12-01T09:23:27Z">
      <class name="SearchTests">
        <test-method status="PASS" signature="setUp()[pri:0, instance:SearchTests@7c6ee7ea]" name="setUp" is-config="true" duration-ms="6831" started-at="2014-12-01T04:21:51Z" finished-at="2014-12-01T04:21:58Z">
          <reporter-output>
          </reporter-output>
        </test-method> <!-- setUp -->
        <test-method status="FAIL" signature="verifyAutocompleteCapabilities()[pri:0, instance:SearchTests@7c6ee7ea]" name="verifyAutocompleteCapabilities" duration-ms="13363" started-at="2014-12-01T04:21:58Z" finished-at="2014-12-01T04:22:12Z">
          <exception class="org.openqa.selenium.NoSuchElementException">
            <message>
              <![CDATA[no such element
  (Session info: chrome=35.0.1916.114)
  (Driver info: chromedriver=2.10.267521,platform=Windows NT 5.2 SP2 x86) (WARNING: The server did not provide any stacktrace information)
Command duration or timeout: 10.19 seconds
For documentation on this error, please visit: http://seleniumhq.org/exceptions/no_such_element.html
Build info: version: '2.44.0', revision: '76d78cf', time: '2014-10-23 20:03:00'
System info: host: 'Lazaro-PC', ip: '192.168.56.1', os.name: 'Windows 7', os.arch: 'amd64', os.version: '6.1', java.version: '1.7.0_45'
Session ID: dd09773135454734a955f7bbd177b4eb
Driver info: org.openqa.selenium.remote.RemoteWebDriver
Capabilities [{platform=XP, acceptSslCerts=true, javascriptEnabled=true, hasMetadata=true, browserName=chrome, chrome={userDataDir=C:\DOCUME~1\ADMINI~1\LOCALS~1\Temp\scoped_dir260_5674}, rotatable=false, locationContextEnabled=true, webdriver.remote.sessionid=dd09773135454734a955f7bbd177b4eb, version=35.0.1916.114, takesHeapSnapshot=true, databaseEnabled=false, cssSelectorsEnabled=true, handlesAlerts=true, browserConnectionEnabled=false, webStorageEnabled=true, nativeEvents=true, applicationCacheEnabled=false, takesScreenshot=true}]]]>
            </message>
            <full-stacktrace>
              <![CDATA[org.openqa.selenium.NoSuchElementException: no such element
  (Session info: chrome=35.0.1916.114)
  (Driver info: chromedriver=2.10.267521,platform=Windows NT 5.2 SP2 x86) (WARNING: The server did not provide any stacktrace information)
Command duration or timeout: 10.19 seconds
For documentation on this error, please visit: http://seleniumhq.org/exceptions/no_such_element.html
Build info: version: '2.44.0', revision: '76d78cf', time: '2014-10-23 20:03:00'
System info: host: 'Lazaro-PC', ip: '192.168.56.1', os.name: 'Windows 7', os.arch: 'amd64', os.version: '6.1', java.version: '1.7.0_45'
Session ID: dd09773135454734a955f7bbd177b4eb
Driver info: org.openqa.selenium.remote.RemoteWebDriver
Capabilities [{platform=XP, acceptSslCerts=true, javascriptEnabled=true, hasMetadata=true, browserName=chrome, chrome={userDataDir=C:\DOCUME~1\ADMINI~1\LOCALS~1\Temp\scoped_dir260_5674}, rotatable=false, locationContextEnabled=true, webdriver.remote.sessionid=dd09773135454734a955f7bbd177b4eb, version=35.0.1916.114, takesHeapSnapshot=true, databaseEnabled=false, cssSelectorsEnabled=true, handlesAlerts=true, browserConnectionEnabled=false, webStorageEnabled=true, nativeEvents=true, applicationCacheEnabled=false, takesScreenshot=true}]
	at sun.reflect.NativeConstructorAccessorImpl.newInstance0(Native Method)
	at sun.reflect.NativeConstructorAccessorImpl.newInstance(Unknown Source)
	at sun.reflect.DelegatingConstructorAccessorImpl.newInstance(Unknown Source)
	at java.lang.reflect.Constructor.newInstance(Unknown Source)
	at org.openqa.selenium.remote.ErrorHandler.createThrowable(ErrorHandler.java:204)
	at org.openqa.selenium.remote.ErrorHandler.throwIfResponseFailed(ErrorHandler.java:156)
	at org.openqa.selenium.remote.RemoteWebDriver.execute(RemoteWebDriver.java:599)
	at org.openqa.selenium.remote.RemoteWebDriver.findElement(RemoteWebDriver.java:352)
	at org.openqa.selenium.remote.RemoteWebDriver.findElementByClassName(RemoteWebDriver.java:433)
	at org.openqa.selenium.By$ByClassName.findElement(By.java:387)
	at org.openqa.selenium.remote.RemoteWebDriver.findElement(RemoteWebDriver.java:344)
	at SearchTests.verifyAutocompleteCapabilities(SearchTests.java:126)
	at sun.reflect.NativeMethodAccessorImpl.invoke0(Native Method)
	at sun.reflect.NativeMethodAccessorImpl.invoke(Unknown Source)
	at sun.reflect.DelegatingMethodAccessorImpl.invoke(Unknown Source)
	at java.lang.reflect.Method.invoke(Unknown Source)
	at org.testng.internal.MethodInvocationHelper.invokeMethod(MethodInvocationHelper.java:84)
	at org.testng.internal.Invoker.invokeMethod(Invoker.java:714)
	at org.testng.internal.Invoker.invokeTestMethod(Invoker.java:901)
	at org.testng.internal.Invoker.invokeTestMethods(Invoker.java:1231)
	at org.testng.internal.TestMethodWorker.invokeTestMethods(TestMethodWorker.java:127)
	at org.testng.internal.TestMethodWorker.run(TestMethodWorker.java:111)
	at org.testng.TestRunner.privateRun(TestRunner.java:767)
	at org.testng.TestRunner.run(TestRunner.java:617)
	at org.testng.SuiteRunner.runTest(SuiteRunner.java:334)
	at org.testng.SuiteRunner.runSequentially(SuiteRunner.java:329)
	at org.testng.SuiteRunner.privateRun(SuiteRunner.java:291)
	at org.testng.SuiteRunner.run(SuiteRunner.java:240)
	at org.testng.SuiteRunnerWorker.runSuite(SuiteRunnerWorker.java:52)
	at org.testng.SuiteRunnerWorker.run(SuiteRunnerWorker.java:86)
	at org.testng.TestNG.runSuitesSequentially(TestNG.java:1224)
	at org.testng.TestNG.runSuitesLocally(TestNG.java:1149)
	at org.testng.TestNG.run(TestNG.java:1057)
	at org.testng.remote.RemoteTestNG.run(RemoteTestNG.java:111)
	at org.testng.remote.RemoteTestNG.initAndRun(RemoteTestNG.java:204)
	at org.testng.remote.RemoteTestNG.main(RemoteTestNG.java:175)
]]>
            </full-stacktrace>
          </exception> <!-- org.openqa.selenium.NoSuchElementException -->
          <reporter-output>
          </reporter-output>
        </test-method> <!-- verifyAutocompleteCapabilities -->
        <test-method status="PASS" signature="tearDown()[pri:0, instance:SearchTests@7c6ee7ea]" name="tearDown" is-config="true" duration-ms="280" started-at="2014-12-01T04:22:12Z" finished-at="2014-12-01T04:22:12Z">
          <reporter-output>
          </reporter-output>
        </test-method> <!-- tearDown -->
        <test-method status="PASS" signature="setUp()[pri:0, instance:SearchTests@7c6ee7ea]" name="setUp" is-config="true" duration-ms="6433" started-at="2014-12-01T04:22:12Z" finished-at="2014-12-01T04:22:18Z">
          <reporter-output>
          </reporter-output>
        </test-method> <!-- setUp -->
        <test-method status="PASS" signature="verifyBasicUILayout()[pri:0, instance:SearchTests@7c6ee7ea]" name="verifyBasicUILayout" duration-ms="12365" started-at="2014-12-01T04:22:18Z" finished-at="2014-12-01T04:22:31Z">
          <reporter-output>
          </reporter-output>
        </test-method> <!-- verifyBasicUILayout -->
        <test-method status="PASS" signature="tearDown()[pri:0, instance:SearchTests@7c6ee7ea]" name="tearDown" is-config="true" duration-ms="180" started-at="2014-12-01T04:22:31Z" finished-at="2014-12-01T04:22:31Z">
          <reporter-output>
          </reporter-output>
        </test-method> <!-- tearDown -->
        <test-method status="PASS" signature="setUp()[pri:0, instance:SearchTests@7c6ee7ea]" name="setUp" is-config="true" duration-ms="6236" started-at="2014-12-01T04:22:31Z" finished-at="2014-12-01T04:22:37Z">
          <reporter-output>
          </reporter-output>
        </test-method> <!-- setUp -->
        <test-method status="PASS" signature="verifyBulkExporting()[pri:0, instance:SearchTests@7c6ee7ea]" name="verifyBulkExporting" duration-ms="6392" started-at="2014-12-01T04:22:37Z" finished-at="2014-12-01T04:22:44Z">
          <reporter-output>
          </reporter-output>
        </test-method> <!-- verifyBulkExporting -->
        <test-method status="PASS" signature="tearDown()[pri:0, instance:SearchTests@7c6ee7ea]" name="tearDown" is-config="true" duration-ms="270" started-at="2014-12-01T04:22:44Z" finished-at="2014-12-01T04:22:44Z">
          <reporter-output>
          </reporter-output>
        </test-method> <!-- tearDown -->
        <test-method status="PASS" signature="setUp()[pri:0, instance:SearchTests@7c6ee7ea]" name="setUp" is-config="true" duration-ms="6234" started-at="2014-12-01T04:22:44Z" finished-at="2014-12-01T04:22:50Z">
          <reporter-output>
          </reporter-output>
        </test-method> <!-- setUp -->
        <test-method status="PASS" signature="verifyModularUI()[pri:0, instance:SearchTests@7c6ee7ea]" name="verifyModularUI" duration-ms="36732" started-at="2014-12-01T04:22:50Z" finished-at="2014-12-01T04:23:27Z">
          <reporter-output>
          </reporter-output>
        </test-method> <!-- verifyModularUI -->
        <test-method status="PASS" signature="tearDown()[pri:0, instance:SearchTests@7c6ee7ea]" name="tearDown" is-config="true" duration-ms="300" started-at="2014-12-01T04:23:27Z" finished-at="2014-12-01T04:23:27Z">
          <reporter-output>
          </reporter-output>
        </test-method> <!-- tearDown -->
      </class> <!-- SearchTests -->
      <class name="CustomSearchTests">
        <test-method status="PASS" signature="setUp()[pri:0, instance:CustomSearchTests@553bf378]" name="setUp" is-config="true" duration-ms="6939" started-at="2014-12-01T04:21:05Z" finished-at="2014-12-01T04:21:12Z">
          <reporter-output>
          </reporter-output>
        </test-method> <!-- setUp -->
        <test-method status="PASS" signature="verifyBasicUILayout()[pri:0, instance:CustomSearchTests@553bf378]" name="verifyBasicUILayout" duration-ms="14122" started-at="2014-12-01T04:21:12Z" finished-at="2014-12-01T04:21:26Z">
          <reporter-output>
          </reporter-output>
        </test-method> <!-- verifyBasicUILayout -->
        <test-method status="PASS" signature="tearDown()[pri:0, instance:CustomSearchTests@553bf378]" name="tearDown" is-config="true" duration-ms="290" started-at="2014-12-01T04:21:26Z" finished-at="2014-12-01T04:21:26Z">
          <reporter-output>
          </reporter-output>
        </test-method> <!-- tearDown -->
        <test-method status="PASS" signature="setUp()[pri:0, instance:CustomSearchTests@553bf378]" name="setUp" is-config="true" duration-ms="7123" started-at="2014-12-01T04:21:26Z" finished-at="2014-12-01T04:21:33Z">
          <reporter-output>
          </reporter-output>
        </test-method> <!-- setUp -->
        <test-method status="PASS" signature="verifyDataStorage()[pri:0, instance:CustomSearchTests@553bf378]" name="verifyDataStorage" duration-ms="17676" started-at="2014-12-01T04:21:33Z" finished-at="2014-12-01T04:21:51Z">
          <reporter-output>
          </reporter-output>
        </test-method> <!-- verifyDataStorage -->
        <test-method status="PASS" signature="tearDown()[pri:0, instance:CustomSearchTests@553bf378]" name="tearDown" is-config="true" duration-ms="310" started-at="2014-12-01T04:21:51Z" finished-at="2014-12-01T04:21:51Z">
          <reporter-output>
          </reporter-output>
        </test-method> <!-- tearDown -->
      </class> <!-- CustomSearchTests -->
      <class name="DatabaseExplorerTests">
        <test-method status="PASS" signature="setUp()[pri:0, instance:DatabaseExplorerTests@52ed76ff]" name="setUp" is-config="true" duration-ms="7413" started-at="2014-12-01T04:20:29Z" finished-at="2014-12-01T04:20:36Z">
          <reporter-output>
          </reporter-output>
        </test-method> <!-- setUp -->
        <test-method status="PASS" signature="verifyRendering()[pri:0, instance:DatabaseExplorerTests@52ed76ff]" name="verifyRendering" duration-ms="28473" started-at="2014-12-01T04:20:36Z" finished-at="2014-12-01T04:21:05Z">
          <reporter-output>
          </reporter-output>
        </test-method> <!-- verifyRendering -->
        <test-method status="PASS" signature="tearDown()[pri:0, instance:DatabaseExplorerTests@52ed76ff]" name="tearDown" is-config="true" duration-ms="340" started-at="2014-12-01T04:21:05Z" finished-at="2014-12-01T04:21:05Z">
          <reporter-output>
          </reporter-output>
        </test-method> <!-- tearDown -->
      </class> <!-- DatabaseExplorerTests -->
      <class name="SubmitTests">
        <test-method status="PASS" signature="setUp()[pri:0, instance:SubmitTests@144b3c7b]" name="setUp" is-config="true" duration-ms="7250" started-at="2014-12-01T04:17:59Z" finished-at="2014-12-01T04:18:06Z">
          <reporter-output>
          </reporter-output>
        </test-method> <!-- setUp -->
        <test-method status="FAIL" signature="verifyAutocompleteCapabilities()[pri:0, instance:SubmitTests@144b3c7b]" name="verifyAutocompleteCapabilities" duration-ms="13501" started-at="2014-12-01T04:18:06Z" finished-at="2014-12-01T04:18:19Z">
          <exception class="org.openqa.selenium.NoSuchElementException">
            <message>
              <![CDATA[no such element
  (Session info: chrome=35.0.1916.114)
  (Driver info: chromedriver=2.10.267521,platform=Windows NT 5.2 SP2 x86) (WARNING: The server did not provide any stacktrace information)
Command duration or timeout: 10.21 seconds
For documentation on this error, please visit: http://seleniumhq.org/exceptions/no_such_element.html
Build info: version: '2.44.0', revision: '76d78cf', time: '2014-10-23 20:03:00'
System info: host: 'Lazaro-PC', ip: '192.168.56.1', os.name: 'Windows 7', os.arch: 'amd64', os.version: '6.1', java.version: '1.7.0_45'
Session ID: 4d10d054f74441d0ac56d253bd17b388
Driver info: org.openqa.selenium.remote.RemoteWebDriver
Capabilities [{platform=XP, acceptSslCerts=true, javascriptEnabled=true, hasMetadata=true, browserName=chrome, chrome={userDataDir=C:\DOCUME~1\ADMINI~1\LOCALS~1\Temp\scoped_dir1020_2535}, rotatable=false, locationContextEnabled=true, webdriver.remote.sessionid=4d10d054f74441d0ac56d253bd17b388, version=35.0.1916.114, takesHeapSnapshot=true, databaseEnabled=false, cssSelectorsEnabled=true, handlesAlerts=true, browserConnectionEnabled=false, webStorageEnabled=true, nativeEvents=true, applicationCacheEnabled=false, takesScreenshot=true}]]]>
            </message>
            <full-stacktrace>
              <![CDATA[org.openqa.selenium.NoSuchElementException: no such element
  (Session info: chrome=35.0.1916.114)
  (Driver info: chromedriver=2.10.267521,platform=Windows NT 5.2 SP2 x86) (WARNING: The server did not provide any stacktrace information)
Command duration or timeout: 10.21 seconds
For documentation on this error, please visit: http://seleniumhq.org/exceptions/no_such_element.html
Build info: version: '2.44.0', revision: '76d78cf', time: '2014-10-23 20:03:00'
System info: host: 'Lazaro-PC', ip: '192.168.56.1', os.name: 'Windows 7', os.arch: 'amd64', os.version: '6.1', java.version: '1.7.0_45'
Session ID: 4d10d054f74441d0ac56d253bd17b388
Driver info: org.openqa.selenium.remote.RemoteWebDriver
Capabilities [{platform=XP, acceptSslCerts=true, javascriptEnabled=true, hasMetadata=true, browserName=chrome, chrome={userDataDir=C:\DOCUME~1\ADMINI~1\LOCALS~1\Temp\scoped_dir1020_2535}, rotatable=false, locationContextEnabled=true, webdriver.remote.sessionid=4d10d054f74441d0ac56d253bd17b388, version=35.0.1916.114, takesHeapSnapshot=true, databaseEnabled=false, cssSelectorsEnabled=true, handlesAlerts=true, browserConnectionEnabled=false, webStorageEnabled=true, nativeEvents=true, applicationCacheEnabled=false, takesScreenshot=true}]
	at sun.reflect.NativeConstructorAccessorImpl.newInstance0(Native Method)
	at sun.reflect.NativeConstructorAccessorImpl.newInstance(Unknown Source)
	at sun.reflect.DelegatingConstructorAccessorImpl.newInstance(Unknown Source)
	at java.lang.reflect.Constructor.newInstance(Unknown Source)
	at org.openqa.selenium.remote.ErrorHandler.createThrowable(ErrorHandler.java:204)
	at org.openqa.selenium.remote.ErrorHandler.throwIfResponseFailed(ErrorHandler.java:156)
	at org.openqa.selenium.remote.RemoteWebDriver.execute(RemoteWebDriver.java:599)
	at org.openqa.selenium.remote.RemoteWebDriver.findElement(RemoteWebDriver.java:352)
	at org.openqa.selenium.remote.RemoteWebDriver.findElementByClassName(RemoteWebDriver.java:433)
	at org.openqa.selenium.By$ByClassName.findElement(By.java:387)
	at org.openqa.selenium.remote.RemoteWebDriver.findElement(RemoteWebDriver.java:344)
	at SubmitTests.verifyAutocompleteCapabilities(SubmitTests.java:152)
	at sun.reflect.NativeMethodAccessorImpl.invoke0(Native Method)
	at sun.reflect.NativeMethodAccessorImpl.invoke(Unknown Source)
	at sun.reflect.DelegatingMethodAccessorImpl.invoke(Unknown Source)
	at java.lang.reflect.Method.invoke(Unknown Source)
	at org.testng.internal.MethodInvocationHelper.invokeMethod(MethodInvocationHelper.java:84)
	at org.testng.internal.Invoker.invokeMethod(Invoker.java:714)
	at org.testng.internal.Invoker.invokeTestMethod(Invoker.java:901)
	at org.testng.internal.Invoker.invokeTestMethods(Invoker.java:1231)
	at org.testng.internal.TestMethodWorker.invokeTestMethods(TestMethodWorker.java:127)
	at org.testng.internal.TestMethodWorker.run(TestMethodWorker.java:111)
	at org.testng.TestRunner.privateRun(TestRunner.java:767)
	at org.testng.TestRunner.run(TestRunner.java:617)
	at org.testng.SuiteRunner.runTest(SuiteRunner.java:334)
	at org.testng.SuiteRunner.runSequentially(SuiteRunner.java:329)
	at org.testng.SuiteRunner.privateRun(SuiteRunner.java:291)
	at org.testng.SuiteRunner.run(SuiteRunner.java:240)
	at org.testng.SuiteRunnerWorker.runSuite(SuiteRunnerWorker.java:52)
	at org.testng.SuiteRunnerWorker.run(SuiteRunnerWorker.java:86)
	at org.testng.TestNG.runSuitesSequentially(TestNG.java:1224)
	at org.testng.TestNG.runSuitesLocally(TestNG.java:1149)
	at org.testng.TestNG.run(TestNG.java:1057)
	at org.testng.remote.RemoteTestNG.run(RemoteTestNG.java:111)
	at org.testng.remote.RemoteTestNG.initAndRun(RemoteTestNG.java:204)
	at org.testng.remote.RemoteTestNG.main(RemoteTestNG.java:175)
]]>
            </full-stacktrace>
          </exception> <!-- org.openqa.selenium.NoSuchElementException -->
          <reporter-output>
          </reporter-output>
        </test-method> <!-- verifyAutocompleteCapabilities -->
        <test-method status="PASS" signature="tearDown()[pri:0, instance:SubmitTests@144b3c7b]" name="tearDown" is-config="true" duration-ms="1649" started-at="2014-12-01T04:18:19Z" finished-at="2014-12-01T04:18:21Z">
          <reporter-output>
          </reporter-output>
        </test-method> <!-- tearDown -->
        <test-method status="PASS" signature="setUp()[pri:0, instance:SubmitTests@144b3c7b]" name="setUp" is-config="true" duration-ms="6812" started-at="2014-12-01T04:18:21Z" finished-at="2014-12-01T04:18:28Z">
          <reporter-output>
          </reporter-output>
        </test-method> <!-- setUp -->
        <test-method status="PASS" signature="verifyBasicUILayout()[pri:0, instance:SubmitTests@144b3c7b]" name="verifyBasicUILayout" duration-ms="23285" started-at="2014-12-01T04:18:28Z" finished-at="2014-12-01T04:18:51Z">
          <reporter-output>
          </reporter-output>
        </test-method> <!-- verifyBasicUILayout -->
        <test-method status="PASS" signature="tearDown()[pri:0, instance:SubmitTests@144b3c7b]" name="tearDown" is-config="true" duration-ms="280" started-at="2014-12-01T04:18:51Z" finished-at="2014-12-01T04:18:51Z">
          <reporter-output>
          </reporter-output>
        </test-method> <!-- tearDown -->
        <test-method status="PASS" signature="setUp()[pri:0, instance:SubmitTests@144b3c7b]" name="setUp" is-config="true" duration-ms="6002" started-at="2014-12-01T04:18:51Z" finished-at="2014-12-01T04:18:57Z">
          <reporter-output>
          </reporter-output>
        </test-method> <!-- setUp -->
        <test-method status="PASS" signature="verifyBulkImporting()[pri:0, instance:SubmitTests@144b3c7b]" name="verifyBulkImporting" duration-ms="3458" started-at="2014-12-01T04:18:57Z" finished-at="2014-12-01T04:19:01Z">
          <reporter-output>
          </reporter-output>
        </test-method> <!-- verifyBulkImporting -->
        <test-method status="PASS" signature="tearDown()[pri:0, instance:SubmitTests@144b3c7b]" name="tearDown" is-config="true" duration-ms="170" started-at="2014-12-01T04:19:01Z" finished-at="2014-12-01T04:19:01Z">
          <reporter-output>
          </reporter-output>
        </test-method> <!-- tearDown -->
        <test-method status="PASS" signature="setUp()[pri:0, instance:SubmitTests@144b3c7b]" name="setUp" is-config="true" duration-ms="8081" started-at="2014-12-01T04:19:01Z" finished-at="2014-12-01T04:19:09Z">
          <reporter-output>
          </reporter-output>
        </test-method> <!-- setUp -->
        <test-method status="PASS" signature="verifyEvidenceEvaluation()[pri:0, instance:SubmitTests@144b3c7b]" name="verifyEvidenceEvaluation" duration-ms="17207" started-at="2014-12-01T04:19:09Z" finished-at="2014-12-01T04:19:26Z">
          <reporter-output>
          </reporter-output>
        </test-method> <!-- verifyEvidenceEvaluation -->
        <test-method status="PASS" signature="tearDown()[pri:0, instance:SubmitTests@144b3c7b]" name="tearDown" is-config="true" duration-ms="270" started-at="2014-12-01T04:19:26Z" finished-at="2014-12-01T04:19:27Z">
          <reporter-output>
          </reporter-output>
        </test-method> <!-- tearDown -->
        <test-method status="PASS" signature="setUp()[pri:0, instance:SubmitTests@144b3c7b]" name="setUp" is-config="true" duration-ms="7183" started-at="2014-12-01T04:19:27Z" finished-at="2014-12-01T04:19:34Z">
          <reporter-output>
          </reporter-output>
        </test-method> <!-- setUp -->
        <test-method status="PASS" signature="verifyModularUI()[pri:0, instance:SubmitTests@144b3c7b]" name="verifyModularUI" duration-ms="54775" started-at="2014-12-01T04:19:34Z" finished-at="2014-12-01T04:20:28Z">
          <reporter-output>
          </reporter-output>
        </test-method> <!-- verifyModularUI -->
        <test-method status="PASS" signature="tearDown()[pri:0, instance:SubmitTests@144b3c7b]" name="tearDown" is-config="true" duration-ms="290" started-at="2014-12-01T04:20:28Z" finished-at="2014-12-01T04:20:29Z">
          <reporter-output>
          </reporter-output>
        </test-method> <!-- tearDown -->
      </class> <!-- SubmitTests -->
    </test> <!-- Default test -->
  </suite> <!-- Default suite -->
</testng-results>
